[
  {
    "line": 2,
    "elements": [
      {
        "start_timestamp": "2021-02-20T06:46:47.353Z",
        "line": 3,
        "name": "Arrival page scenario",
        "description": "",
        "id": "arrival-feature;arrival-page-scenario",
        "type": "scenario",
        "keyword": "Scenario",
        "steps": [
          {
            "result": {
              "duration": 18045020400,
              "status": "passed"
            },
            "line": 4,
            "name": "user is on home page",
            "match": {
              "location": "stepdef.StepDefAutomationPracticeSite.user_is_on_home_page()"
            },
            "keyword": "Given "
          },
          {
            "result": {
              "duration": 10270833500,
              "status": "passed"
            },
            "line": 5,
            "name": "user clicks on shop",
            "match": {
              "location": "stepdef.StepDefAutomationPracticeSite.user_clicks_on_shop()"
            },
            "keyword": "When "
          },
          {
            "result": {
              "duration": 8094480800,
              "status": "passed"
            },
            "line": 6,
            "name": "user clicks on home",
            "match": {
              "location": "stepdef.StepDefAutomationPracticeSite.user_clicks_on_home()"
            },
            "keyword": "And "
          },
          {
            "result": {
              "duration": 272549400,
              "status": "passed"
            },
            "line": 7,
            "name": "user is on arrival page",
            "match": {
              "location": "stepdef.StepDefAutomationPracticeSite.user_is_on_arrival_page()"
            },
            "keyword": "Then "
          }
        ]
      }
    ],
    "name": "Arrival Feature",
    "description": "",
    "id": "arrival-feature",
    "keyword": "Feature",
    "uri": "file:features/arrival.feature",
    "tags": []
  },
  {
    "line": 2,
    "elements": [
      {
        "start_timestamp": "2021-02-20T06:47:24.185Z",
        "line": 3,
        "name": "description checking scenario",
        "description": "",
        "id": "description-feature;description-checking-scenario",
        "type": "scenario",
        "keyword": "Scenario",
        "steps": [
          {
            "result": {
              "duration": 25024805200,
              "status": "passed"
            },
            "line": 4,
            "name": "user is on home page",
            "match": {
              "location": "stepdef.StepDefAutomationPracticeSite.user_is_on_home_page()"
            },
            "keyword": "Given "
          },
          {
            "result": {
              "duration": 12002273600,
              "status": "passed"
            },
            "line": 5,
            "name": "user clicks on shop",
            "match": {
              "location": "stepdef.StepDefAutomationPracticeSite.user_clicks_on_shop()"
            },
            "keyword": "When "
          },
          {
            "result": {
              "duration": 7252578900,
              "status": "passed"
            },
            "line": 6,
            "name": "user clicks on home",
            "match": {
              "location": "stepdef.StepDefAutomationPracticeSite.user_clicks_on_home()"
            },
            "keyword": "And "
          },
          {
            "result": {
              "duration": 268276100,
              "status": "passed"
            },
            "line": 7,
            "name": "user is on arrival page",
            "match": {
              "location": "stepdef.StepDefAutomationPracticeSite.user_is_on_arrival_page()"
            },
            "keyword": "Then "
          },
          {
            "result": {
              "duration": 13530276600,
              "status": "passed"
            },
            "line": 8,
            "name": "each image should be clickable and navigable",
            "match": {
              "location": "stepdef.StepDefAutomationPracticeSite.each_image_should_be_clickable_and_navigable()"
            },
            "keyword": "And "
          },
          {
            "result": {
              "error_message": "org.openqa.selenium.NoSuchElementException: no such element: Unable to locate element: {\"method\":\"xpath\",\"selector\":\"//body/div[@id\u003d\u0027pagewrap\u0027]/div[@id\u003d\u0027body\u0027]/div[@id\u003d\u0027layout\u0027]/div[@id\u003d\u0027content\u0027]/div[@id\u003d\u0027page-22\u0027]/div[1]/div[1]/div[2]/div[1]/div[1]/div[1]/div[1]/div[2]/div[1]/div[1]/div[1]/ul[1]/li[1]/a[1]/img[1]\"}\n  (Session info: chrome\u003d88.0.4324.182)\nFor documentation on this error, please visit: https://www.seleniumhq.org/exceptions/no_such_element.html\nBuild info: version: \u00273.141.59\u0027, revision: \u0027e82be7d358\u0027, time: \u00272018-11-14T08:17:03\u0027\nSystem info: host: \u0027DESKTOP-PU6Q22G\u0027, ip: \u0027192.168.43.50\u0027, os.name: \u0027Windows 10\u0027, os.arch: \u0027amd64\u0027, os.version: \u002710.0\u0027, java.version: \u002715.0.1\u0027\nDriver info: org.openqa.selenium.chrome.ChromeDriver\nCapabilities {acceptInsecureCerts: false, browserName: chrome, browserVersion: 88.0.4324.182, chrome: {chromedriverVersion: 88.0.4324.96 (68dba2d8a0b14..., userDataDir: C:\\Users\\Hp\\AppData\\Local\\T...}, goog:chromeOptions: {debuggerAddress: localhost:64441}, javascriptEnabled: true, networkConnectionEnabled: false, pageLoadStrategy: normal, platform: WINDOWS, platformName: WINDOWS, proxy: Proxy(), setWindowRect: true, strictFileInteractability: false, timeouts: {implicit: 0, pageLoad: 300000, script: 30000}, unhandledPromptBehavior: dismiss and notify, webauthn:extension:largeBlob: true, webauthn:virtualAuthenticators: true}\nSession ID: 0b495f042ae13c1d3751bc32b66fe976\n*** Element info: {Using\u003dxpath, value\u003d//body/div[@id\u003d\u0027pagewrap\u0027]/div[@id\u003d\u0027body\u0027]/div[@id\u003d\u0027layout\u0027]/div[@id\u003d\u0027content\u0027]/div[@id\u003d\u0027page-22\u0027]/div[1]/div[1]/div[2]/div[1]/div[1]/div[1]/div[1]/div[2]/div[1]/div[1]/div[1]/ul[1]/li[1]/a[1]/img[1]}\r\n\tat java.base/jdk.internal.reflect.NativeConstructorAccessorImpl.newInstance0(Native Method)\r\n\tat java.base/jdk.internal.reflect.NativeConstructorAccessorImpl.newInstance(NativeConstructorAccessorImpl.java:64)\r\n\tat java.base/jdk.internal.reflect.DelegatingConstructorAccessorImpl.newInstance(DelegatingConstructorAccessorImpl.java:45)\r\n\tat java.base/java.lang.reflect.Constructor.newInstanceWithCaller(Constructor.java:500)\r\n\tat java.base/java.lang.reflect.Constructor.newInstance(Constructor.java:481)\r\n\tat org.openqa.selenium.remote.http.W3CHttpResponseCodec.createException(W3CHttpResponseCodec.java:187)\r\n\tat org.openqa.selenium.remote.http.W3CHttpResponseCodec.decode(W3CHttpResponseCodec.java:122)\r\n\tat org.openqa.selenium.remote.http.W3CHttpResponseCodec.decode(W3CHttpResponseCodec.java:49)\r\n\tat org.openqa.selenium.remote.HttpCommandExecutor.execute(HttpCommandExecutor.java:158)\r\n\tat org.openqa.selenium.remote.service.DriverCommandExecutor.execute(DriverCommandExecutor.java:83)\r\n\tat org.openqa.selenium.remote.RemoteWebDriver.execute(RemoteWebDriver.java:552)\r\n\tat org.openqa.selenium.remote.RemoteWebDriver.findElement(RemoteWebDriver.java:323)\r\n\tat org.openqa.selenium.remote.RemoteWebDriver.findElementByXPath(RemoteWebDriver.java:428)\r\n\tat org.openqa.selenium.By$ByXPath.findElement(By.java:353)\r\n\tat org.openqa.selenium.remote.RemoteWebDriver.findElement(RemoteWebDriver.java:315)\r\n\tat org.openqa.selenium.support.pagefactory.DefaultElementLocator.findElement(DefaultElementLocator.java:69)\r\n\tat org.openqa.selenium.support.pagefactory.internal.LocatingElementHandler.invoke(LocatingElementHandler.java:38)\r\n\tat com.sun.proxy.$Proxy17.click(Unknown Source)\r\n\tat page.AutomationPracticeSitePage.DescriptionClick(AutomationPracticeSitePage.java:78)\r\n\tat stepdef.StepDefAutomationPracticeSite.user_is_on_description_page(StepDefAutomationPracticeSite.java:45)\r\n\tat ✽.user is on description page(file:///C:/Users/Hp/Documents/workspace-spring-tool-suite-4-4.9.0.RELEASE/AutomationPracticeSite/features/description.feature:9)\r\n",
              "duration": 10116646800,
              "status": "failed"
            },
            "line": 9,
            "name": "user is on description page",
            "match": {
              "location": "stepdef.StepDefAutomationPracticeSite.user_is_on_description_page()"
            },
            "keyword": "Then "
          }
        ]
      }
    ],
    "name": "Description Feature",
    "description": "",
    "id": "description-feature",
    "keyword": "Feature",
    "uri": "file:features/description.feature",
    "tags": []
  },
  {
    "line": 2,
    "elements": [
      {
        "start_timestamp": "2021-02-20T06:48:32.506Z",
        "line": 3,
        "name": "image checking scenario",
        "description": "",
        "id": "image-feature;image-checking-scenario",
        "type": "scenario",
        "keyword": "Scenario",
        "steps": [
          {
            "result": {
              "duration": 35158991600,
              "status": "passed"
            },
            "line": 4,
            "name": "user is on home page",
            "match": {
              "location": "stepdef.StepDefAutomationPracticeSite.user_is_on_home_page()"
            },
            "keyword": "Given "
          },
          {
            "result": {
              "duration": 29951612500,
              "status": "passed"
            },
            "line": 5,
            "name": "user clicks on shop",
            "match": {
              "location": "stepdef.StepDefAutomationPracticeSite.user_clicks_on_shop()"
            },
            "keyword": "When "
          },
          {
            "result": {
              "duration": 8261369300,
              "status": "passed"
            },
            "line": 6,
            "name": "user clicks on home",
            "match": {
              "location": "stepdef.StepDefAutomationPracticeSite.user_clicks_on_home()"
            },
            "keyword": "And "
          },
          {
            "result": {
              "duration": 336395000,
              "status": "passed"
            },
            "line": 7,
            "name": "user is on arrival page",
            "match": {
              "location": "stepdef.StepDefAutomationPracticeSite.user_is_on_arrival_page()"
            },
            "keyword": "Then "
          },
          {
            "result": {
              "duration": 13343771800,
              "status": "passed"
            },
            "line": 8,
            "name": "each image should be clickable and navigable",
            "match": {
              "location": "stepdef.StepDefAutomationPracticeSite.each_image_should_be_clickable_and_navigable()"
            },
            "keyword": "And "
          }
        ]
      }
    ],
    "name": "Image Feature",
    "description": "",
    "id": "image-feature",
    "keyword": "Feature",
    "uri": "file:features/image.feature",
    "tags": []
  },
  {
    "line": 2,
    "elements": [
      {
        "start_timestamp": "2021-02-20T06:49:59.605Z",
        "line": 3,
        "name": "positive login scenario",
        "description": "",
        "id": "login-feature;positive-login-scenario",
        "type": "scenario",
        "keyword": "Scenario",
        "steps": [
          {
            "result": {
              "duration": 17006405100,
              "status": "passed"
            },
            "line": 4,
            "name": "user is on home page",
            "match": {
              "location": "stepdef.StepDefAutomationPracticeSite.user_is_on_home_page()"
            },
            "keyword": "Given "
          },
          {
            "result": {
              "duration": 11912658900,
              "status": "passed"
            },
            "line": 5,
            "name": "user clicks on shop",
            "match": {
              "location": "stepdef.StepDefAutomationPracticeSite.user_clicks_on_shop()"
            },
            "keyword": "When "
          },
          {
            "result": {
              "duration": 9111238900,
              "status": "passed"
            },
            "line": 6,
            "name": "user clicks on home",
            "match": {
              "location": "stepdef.StepDefAutomationPracticeSite.user_clicks_on_home()"
            },
            "keyword": "And "
          },
          {
            "result": {
              "duration": 631431200,
              "status": "passed"
            },
            "line": 7,
            "name": "user is on slider page",
            "match": {
              "location": "stepdef.StepDefAutomationPracticeSite.user_is_on_slider_page()"
            },
            "keyword": "Then "
          }
        ]
      }
    ],
    "name": "Login Feature",
    "description": "",
    "id": "login-feature",
    "keyword": "Feature",
    "uri": "file:features/login.feature",
    "tags": []
  },
  {
    "line": 2,
    "elements": [
      {
        "start_timestamp": "2021-02-20T06:50:38.309Z",
        "line": 3,
        "name": "review checking scenario",
        "description": "",
        "id": "review-feature;review-checking-scenario",
        "type": "scenario",
        "keyword": "Scenario",
        "steps": [
          {
            "result": {
              "duration": 19354496000,
              "status": "passed"
            },
            "line": 4,
            "name": "user is on home page",
            "match": {
              "location": "stepdef.StepDefAutomationPracticeSite.user_is_on_home_page()"
            },
            "keyword": "Given "
          },
          {
            "result": {
              "duration": 11903165900,
              "status": "passed"
            },
            "line": 5,
            "name": "user clicks on shop",
            "match": {
              "location": "stepdef.StepDefAutomationPracticeSite.user_clicks_on_shop()"
            },
            "keyword": "When "
          },
          {
            "result": {
              "duration": 6491927600,
              "status": "passed"
            },
            "line": 6,
            "name": "user clicks on home",
            "match": {
              "location": "stepdef.StepDefAutomationPracticeSite.user_clicks_on_home()"
            },
            "keyword": "And "
          },
          {
            "result": {
              "duration": 190065200,
              "status": "passed"
            },
            "line": 7,
            "name": "user is on arrival page",
            "match": {
              "location": "stepdef.StepDefAutomationPracticeSite.user_is_on_arrival_page()"
            },
            "keyword": "Then "
          },
          {
            "result": {
              "duration": 17106280400,
              "status": "passed"
            },
            "line": 8,
            "name": "each image should be clickable and navigable",
            "match": {
              "location": "stepdef.StepDefAutomationPracticeSite.each_image_should_be_clickable_and_navigable()"
            },
            "keyword": "And "
          },
          {
            "result": {
              "error_message": "org.openqa.selenium.NoSuchElementException: no such element: Unable to locate element: {\"method\":\"xpath\",\"selector\":\"//body/div[@id\u003d\u0027pagewrap\u0027]/div[@id\u003d\u0027body\u0027]/div[@id\u003d\u0027layout\u0027]/div[@id\u003d\u0027content\u0027]/div[@id\u003d\u0027page-22\u0027]/div[1]/div[1]/div[2]/div[1]/div[1]/div[1]/div[1]/div[2]/div[1]/div[1]/div[1]/ul[1]/li[1]/a[1]/img[1]\"}\n  (Session info: chrome\u003d88.0.4324.182)\nFor documentation on this error, please visit: https://www.seleniumhq.org/exceptions/no_such_element.html\nBuild info: version: \u00273.141.59\u0027, revision: \u0027e82be7d358\u0027, time: \u00272018-11-14T08:17:03\u0027\nSystem info: host: \u0027DESKTOP-PU6Q22G\u0027, ip: \u0027192.168.43.50\u0027, os.name: \u0027Windows 10\u0027, os.arch: \u0027amd64\u0027, os.version: \u002710.0\u0027, java.version: \u002715.0.1\u0027\nDriver info: org.openqa.selenium.chrome.ChromeDriver\nCapabilities {acceptInsecureCerts: false, browserName: chrome, browserVersion: 88.0.4324.182, chrome: {chromedriverVersion: 88.0.4324.96 (68dba2d8a0b14..., userDataDir: C:\\Users\\Hp\\AppData\\Local\\T...}, goog:chromeOptions: {debuggerAddress: localhost:65055}, javascriptEnabled: true, networkConnectionEnabled: false, pageLoadStrategy: normal, platform: WINDOWS, platformName: WINDOWS, proxy: Proxy(), setWindowRect: true, strictFileInteractability: false, timeouts: {implicit: 0, pageLoad: 300000, script: 30000}, unhandledPromptBehavior: dismiss and notify, webauthn:extension:largeBlob: true, webauthn:virtualAuthenticators: true}\nSession ID: cb7d4433b53c496684764fa622a9f723\n*** Element info: {Using\u003dxpath, value\u003d//body/div[@id\u003d\u0027pagewrap\u0027]/div[@id\u003d\u0027body\u0027]/div[@id\u003d\u0027layout\u0027]/div[@id\u003d\u0027content\u0027]/div[@id\u003d\u0027page-22\u0027]/div[1]/div[1]/div[2]/div[1]/div[1]/div[1]/div[1]/div[2]/div[1]/div[1]/div[1]/ul[1]/li[1]/a[1]/img[1]}\r\n\tat java.base/jdk.internal.reflect.NativeConstructorAccessorImpl.newInstance0(Native Method)\r\n\tat java.base/jdk.internal.reflect.NativeConstructorAccessorImpl.newInstance(NativeConstructorAccessorImpl.java:64)\r\n\tat java.base/jdk.internal.reflect.DelegatingConstructorAccessorImpl.newInstance(DelegatingConstructorAccessorImpl.java:45)\r\n\tat java.base/java.lang.reflect.Constructor.newInstanceWithCaller(Constructor.java:500)\r\n\tat java.base/java.lang.reflect.Constructor.newInstance(Constructor.java:481)\r\n\tat org.openqa.selenium.remote.http.W3CHttpResponseCodec.createException(W3CHttpResponseCodec.java:187)\r\n\tat org.openqa.selenium.remote.http.W3CHttpResponseCodec.decode(W3CHttpResponseCodec.java:122)\r\n\tat org.openqa.selenium.remote.http.W3CHttpResponseCodec.decode(W3CHttpResponseCodec.java:49)\r\n\tat org.openqa.selenium.remote.HttpCommandExecutor.execute(HttpCommandExecutor.java:158)\r\n\tat org.openqa.selenium.remote.service.DriverCommandExecutor.execute(DriverCommandExecutor.java:83)\r\n\tat org.openqa.selenium.remote.RemoteWebDriver.execute(RemoteWebDriver.java:552)\r\n\tat org.openqa.selenium.remote.RemoteWebDriver.findElement(RemoteWebDriver.java:323)\r\n\tat org.openqa.selenium.remote.RemoteWebDriver.findElementByXPath(RemoteWebDriver.java:428)\r\n\tat org.openqa.selenium.By$ByXPath.findElement(By.java:353)\r\n\tat org.openqa.selenium.remote.RemoteWebDriver.findElement(RemoteWebDriver.java:315)\r\n\tat org.openqa.selenium.support.pagefactory.DefaultElementLocator.findElement(DefaultElementLocator.java:69)\r\n\tat org.openqa.selenium.support.pagefactory.internal.LocatingElementHandler.invoke(LocatingElementHandler.java:38)\r\n\tat com.sun.proxy.$Proxy17.click(Unknown Source)\r\n\tat page.AutomationPracticeSitePage.DescriptionClick(AutomationPracticeSitePage.java:78)\r\n\tat stepdef.StepDefAutomationPracticeSite.user_is_on_description_page(StepDefAutomationPracticeSite.java:45)\r\n\tat ✽.user is on description page(file:///C:/Users/Hp/Documents/workspace-spring-tool-suite-4-4.9.0.RELEASE/AutomationPracticeSite/features/review.feature:9)\r\n",
              "duration": 10087643800,
              "status": "failed"
            },
            "line": 9,
            "name": "user is on description page",
            "match": {
              "location": "stepdef.StepDefAutomationPracticeSite.user_is_on_description_page()"
            },
            "keyword": "Then "
          },
          {
            "result": {
              "status": "skipped"
            },
            "line": 10,
            "name": "user clicks on review button",
            "match": {
              "location": "stepdef.StepDefAutomationPracticeSite.user_clicks_on_review_button()"
            },
            "keyword": "Then "
          }
        ]
      }
    ],
    "name": "Review Feature",
    "description": "",
    "id": "review-feature",
    "keyword": "Feature",
    "uri": "file:features/review.feature",
    "tags": []
  }
]